<?xml version="1.0" encoding="UTF-8"?>
<!-- Generated by org.testng.reporters.JUnitXMLReporter -->
<testsuite ignored="0" hostname="HU00201055" failures="0" tests="13" name="New User Test" time="37.23" errors="0" timestamp="21 Dec 2017 18:17:00 GMT">
  <testcase classname="automationFramework.NewUserTestNG" name="testCase1" time="1.052"/>
  <testcase classname="automationFramework.NewUserTestNG" name="testCase10" time="1.004"/>
  <testcase classname="automationFramework.NewUserTestNG" name="testCase11" time="0.79"/>
  <testcase classname="automationFramework.NewUserTestNG" name="testCase12" time="1.256"/>
  <testcase classname="automationFramework.NewUserTestNG" name="testCase13" time="1.336"/>
  <testcase classname="automationFramework.NewUserTestNG" name="testCase2" time="1.21"/>
  <testcase classname="automationFramework.NewUserTestNG" name="testCase3" time="1.332"/>
  <testcase classname="automationFramework.NewUserTestNG" name="testCase4" time="1.001"/>
  <testcase classname="automationFramework.NewUserTestNG" name="testCase5" time="1.744"/>
  <testcase classname="automationFramework.NewUserTestNG" name="testCase6" time="2.091"/>
  <testcase classname="automationFramework.NewUserTestNG" name="testCase7" time="3.556"/>
  <testcase classname="automationFramework.NewUserTestNG" name="testCase8" time="1.116"/>
  <testcase classname="automationFramework.NewUserTestNG" name="testCase9" time="0.861"/>
</testsuite> <!-- New User Test -->
