<?xml version="1.0" encoding="UTF-8"?>
<testng-results ignored="0" total="2" passed="2" failed="0" skipped="0">
  <reporter-output>
  </reporter-output>
  <suite started-at="2017-12-27T21:47:52Z" name="New User Test Suite" finished-at="2017-12-27T21:48:09Z" duration-ms="16900">
    <groups>
    </groups>
    <test started-at="2017-12-27T21:47:52Z" name="New User Test" finished-at="2017-12-27T21:48:09Z" duration-ms="16900">
      <class name="automationFramework.NewUserTestNG">
        <test-method is-config="true" signature="beforeClass()[pri:0, instance:automationFramework.NewUserTestNG@4c39bec8]" started-at="2017-12-27T22:47:52Z" name="beforeClass" finished-at="2017-12-27T22:48:02Z" duration-ms="10550" status="PASS">
          <reporter-output>
          </reporter-output>
        </test-method> <!-- beforeClass -->
        <test-method is-config="true" signature="beforeMethod()[pri:0, instance:automationFramework.NewUserTestNG@4c39bec8]" started-at="2017-12-27T22:48:02Z" name="beforeMethod" finished-at="2017-12-27T22:48:04Z" duration-ms="1392" status="PASS">
          <reporter-output>
          </reporter-output>
        </test-method> <!-- beforeMethod -->
        <test-method signature="testCase1()[pri:0, instance:automationFramework.NewUserTestNG@4c39bec8]" started-at="2017-12-27T22:48:04Z" name="testCase1" finished-at="2017-12-27T22:48:06Z" duration-ms="1728" status="PASS">
          <reporter-output>
          </reporter-output>
        </test-method> <!-- testCase1 -->
        <test-method is-config="true" signature="beforeMethod()[pri:0, instance:automationFramework.NewUserTestNG@4c39bec8]" started-at="2017-12-27T22:48:06Z" name="beforeMethod" finished-at="2017-12-27T22:48:06Z" duration-ms="720" status="PASS">
          <reporter-output>
          </reporter-output>
        </test-method> <!-- beforeMethod -->
        <test-method signature="testCase2()[pri:0, instance:automationFramework.NewUserTestNG@4c39bec8]" started-at="2017-12-27T22:48:06Z" name="testCase2" finished-at="2017-12-27T22:48:08Z" duration-ms="1276" status="PASS">
          <reporter-output>
          </reporter-output>
        </test-method> <!-- testCase2 -->
        <test-method is-config="true" signature="afterClass()[pri:0, instance:automationFramework.NewUserTestNG@4c39bec8]" started-at="2017-12-27T22:48:08Z" name="afterClass" finished-at="2017-12-27T22:48:09Z" duration-ms="1190" status="PASS">
          <reporter-output>
          </reporter-output>
        </test-method> <!-- afterClass -->
      </class> <!-- automationFramework.NewUserTestNG -->
    </test> <!-- New User Test -->
  </suite> <!-- New User Test Suite -->
</testng-results>
