<?xml version="1.0" encoding="UTF-8"?>
<testng-results ignored="0" total="13" passed="13" failed="0" skipped="0">
  <reporter-output>
  </reporter-output>
  <suite started-at="2017-12-21T18:16:23Z" name="New User Test Suite" finished-at="2017-12-21T18:17:00Z" duration-ms="37230">
    <groups>
    </groups>
    <test started-at="2017-12-21T18:16:23Z" name="New User Test" finished-at="2017-12-21T18:17:00Z" duration-ms="37230">
      <class name="automationFramework.NewUserTestNG">
        <test-method is-config="true" signature="beforeClass()[pri:0, instance:automationFramework.NewUserTestNG@5c671d7f]" started-at="2017-12-21T19:16:23Z" name="beforeClass" finished-at="2017-12-21T19:16:34Z" duration-ms="10817" status="PASS">
          <reporter-output>
          </reporter-output>
        </test-method> <!-- beforeClass -->
        <test-method is-config="true" signature="beforeMethod()[pri:0, instance:automationFramework.NewUserTestNG@5c671d7f]" started-at="2017-12-21T19:16:34Z" name="beforeMethod" finished-at="2017-12-21T19:16:35Z" duration-ms="951" status="PASS">
          <reporter-output>
          </reporter-output>
        </test-method> <!-- beforeMethod -->
        <test-method signature="testCase1()[pri:0, instance:automationFramework.NewUserTestNG@5c671d7f]" started-at="2017-12-21T19:16:35Z" name="testCase1" finished-at="2017-12-21T19:16:36Z" duration-ms="1052" status="PASS">
          <reporter-output>
          </reporter-output>
        </test-method> <!-- testCase1 -->
        <test-method is-config="true" signature="beforeMethod()[pri:0, instance:automationFramework.NewUserTestNG@5c671d7f]" started-at="2017-12-21T19:16:36Z" name="beforeMethod" finished-at="2017-12-21T19:16:36Z" duration-ms="621" status="PASS">
          <reporter-output>
          </reporter-output>
        </test-method> <!-- beforeMethod -->
        <test-method signature="testCase10()[pri:0, instance:automationFramework.NewUserTestNG@5c671d7f]" started-at="2017-12-21T19:16:36Z" name="testCase10" finished-at="2017-12-21T19:16:37Z" duration-ms="1004" status="PASS">
          <reporter-output>
          </reporter-output>
        </test-method> <!-- testCase10 -->
        <test-method is-config="true" signature="beforeMethod()[pri:0, instance:automationFramework.NewUserTestNG@5c671d7f]" started-at="2017-12-21T19:16:37Z" name="beforeMethod" finished-at="2017-12-21T19:16:38Z" duration-ms="480" status="PASS">
          <reporter-output>
          </reporter-output>
        </test-method> <!-- beforeMethod -->
        <test-method signature="testCase11()[pri:0, instance:automationFramework.NewUserTestNG@5c671d7f]" started-at="2017-12-21T19:16:38Z" name="testCase11" finished-at="2017-12-21T19:16:39Z" duration-ms="790" status="PASS">
          <reporter-output>
          </reporter-output>
        </test-method> <!-- testCase11 -->
        <test-method is-config="true" signature="beforeMethod()[pri:0, instance:automationFramework.NewUserTestNG@5c671d7f]" started-at="2017-12-21T19:16:39Z" name="beforeMethod" finished-at="2017-12-21T19:16:39Z" duration-ms="495" status="PASS">
          <reporter-output>
          </reporter-output>
        </test-method> <!-- beforeMethod -->
        <test-method signature="testCase12()[pri:0, instance:automationFramework.NewUserTestNG@5c671d7f]" started-at="2017-12-21T19:16:39Z" name="testCase12" finished-at="2017-12-21T19:16:40Z" duration-ms="1256" status="PASS">
          <reporter-output>
          </reporter-output>
        </test-method> <!-- testCase12 -->
        <test-method is-config="true" signature="beforeMethod()[pri:0, instance:automationFramework.NewUserTestNG@5c671d7f]" started-at="2017-12-21T19:16:40Z" name="beforeMethod" finished-at="2017-12-21T19:16:41Z" duration-ms="540" status="PASS">
          <reporter-output>
          </reporter-output>
        </test-method> <!-- beforeMethod -->
        <test-method signature="testCase13()[pri:0, instance:automationFramework.NewUserTestNG@5c671d7f]" started-at="2017-12-21T19:16:41Z" name="testCase13" finished-at="2017-12-21T19:16:42Z" duration-ms="1336" status="PASS">
          <reporter-output>
          </reporter-output>
        </test-method> <!-- testCase13 -->
        <test-method is-config="true" signature="beforeMethod()[pri:0, instance:automationFramework.NewUserTestNG@5c671d7f]" started-at="2017-12-21T19:16:42Z" name="beforeMethod" finished-at="2017-12-21T19:16:43Z" duration-ms="514" status="PASS">
          <reporter-output>
          </reporter-output>
        </test-method> <!-- beforeMethod -->
        <test-method signature="testCase2()[pri:0, instance:automationFramework.NewUserTestNG@5c671d7f]" started-at="2017-12-21T19:16:43Z" name="testCase2" finished-at="2017-12-21T19:16:44Z" duration-ms="1210" status="PASS">
          <reporter-output>
          </reporter-output>
        </test-method> <!-- testCase2 -->
        <test-method is-config="true" signature="beforeMethod()[pri:0, instance:automationFramework.NewUserTestNG@5c671d7f]" started-at="2017-12-21T19:16:44Z" name="beforeMethod" finished-at="2017-12-21T19:16:44Z" duration-ms="541" status="PASS">
          <reporter-output>
          </reporter-output>
        </test-method> <!-- beforeMethod -->
        <test-method signature="testCase3()[pri:0, instance:automationFramework.NewUserTestNG@5c671d7f]" started-at="2017-12-21T19:16:44Z" name="testCase3" finished-at="2017-12-21T19:16:46Z" duration-ms="1332" status="PASS">
          <reporter-output>
          </reporter-output>
        </test-method> <!-- testCase3 -->
        <test-method is-config="true" signature="beforeMethod()[pri:0, instance:automationFramework.NewUserTestNG@5c671d7f]" started-at="2017-12-21T19:16:46Z" name="beforeMethod" finished-at="2017-12-21T19:16:46Z" duration-ms="526" status="PASS">
          <reporter-output>
          </reporter-output>
        </test-method> <!-- beforeMethod -->
        <test-method signature="testCase4()[pri:0, instance:automationFramework.NewUserTestNG@5c671d7f]" started-at="2017-12-21T19:16:46Z" name="testCase4" finished-at="2017-12-21T19:16:47Z" duration-ms="1001" status="PASS">
          <reporter-output>
          </reporter-output>
        </test-method> <!-- testCase4 -->
        <test-method is-config="true" signature="beforeMethod()[pri:0, instance:automationFramework.NewUserTestNG@5c671d7f]" started-at="2017-12-21T19:16:47Z" name="beforeMethod" finished-at="2017-12-21T19:16:48Z" duration-ms="518" status="PASS">
          <reporter-output>
          </reporter-output>
        </test-method> <!-- beforeMethod -->
        <test-method signature="testCase5()[pri:0, instance:automationFramework.NewUserTestNG@5c671d7f]" started-at="2017-12-21T19:16:48Z" name="testCase5" finished-at="2017-12-21T19:16:50Z" duration-ms="1744" status="PASS">
          <reporter-output>
          </reporter-output>
        </test-method> <!-- testCase5 -->
        <test-method is-config="true" signature="beforeMethod()[pri:0, instance:automationFramework.NewUserTestNG@5c671d7f]" started-at="2017-12-21T19:16:50Z" name="beforeMethod" finished-at="2017-12-21T19:16:50Z" duration-ms="476" status="PASS">
          <reporter-output>
          </reporter-output>
        </test-method> <!-- beforeMethod -->
        <test-method signature="testCase6()[pri:0, instance:automationFramework.NewUserTestNG@5c671d7f]" started-at="2017-12-21T19:16:50Z" name="testCase6" finished-at="2017-12-21T19:16:52Z" duration-ms="2091" status="PASS">
          <reporter-output>
          </reporter-output>
        </test-method> <!-- testCase6 -->
        <test-method is-config="true" signature="beforeMethod()[pri:0, instance:automationFramework.NewUserTestNG@5c671d7f]" started-at="2017-12-21T19:16:52Z" name="beforeMethod" finished-at="2017-12-21T19:16:53Z" duration-ms="524" status="PASS">
          <reporter-output>
          </reporter-output>
        </test-method> <!-- beforeMethod -->
        <test-method signature="testCase7()[pri:0, instance:automationFramework.NewUserTestNG@5c671d7f]" started-at="2017-12-21T19:16:53Z" name="testCase7" finished-at="2017-12-21T19:16:56Z" duration-ms="3556" status="PASS">
          <reporter-output>
          </reporter-output>
        </test-method> <!-- testCase7 -->
        <test-method is-config="true" signature="beforeMethod()[pri:0, instance:automationFramework.NewUserTestNG@5c671d7f]" started-at="2017-12-21T19:16:56Z" name="beforeMethod" finished-at="2017-12-21T19:16:57Z" duration-ms="494" status="PASS">
          <reporter-output>
          </reporter-output>
        </test-method> <!-- beforeMethod -->
        <test-method signature="testCase8()[pri:0, instance:automationFramework.NewUserTestNG@5c671d7f]" started-at="2017-12-21T19:16:57Z" name="testCase8" finished-at="2017-12-21T19:16:58Z" duration-ms="1116" status="PASS">
          <reporter-output>
          </reporter-output>
        </test-method> <!-- testCase8 -->
        <test-method is-config="true" signature="beforeMethod()[pri:0, instance:automationFramework.NewUserTestNG@5c671d7f]" started-at="2017-12-21T19:16:58Z" name="beforeMethod" finished-at="2017-12-21T19:16:58Z" duration-ms="459" status="PASS">
          <reporter-output>
          </reporter-output>
        </test-method> <!-- beforeMethod -->
        <test-method signature="testCase9()[pri:0, instance:automationFramework.NewUserTestNG@5c671d7f]" started-at="2017-12-21T19:16:58Z" name="testCase9" finished-at="2017-12-21T19:16:59Z" duration-ms="861" status="PASS">
          <reporter-output>
          </reporter-output>
        </test-method> <!-- testCase9 -->
        <test-method is-config="true" signature="afterClass()[pri:0, instance:automationFramework.NewUserTestNG@5c671d7f]" started-at="2017-12-21T19:16:59Z" name="afterClass" finished-at="2017-12-21T19:17:00Z" duration-ms="832" status="PASS">
          <reporter-output>
          </reporter-output>
        </test-method> <!-- afterClass -->
      </class> <!-- automationFramework.NewUserTestNG -->
    </test> <!-- New User Test -->
  </suite> <!-- New User Test Suite -->
</testng-results>
